<?xml version="1.0" encoding="UTF-8"?>
<testsuite xmlns:xsi="http://www.w3.org/2001/XMLSchema-instance" xsi:noNamespaceSchemaLocation="https://maven.apache.org/surefire/maven-surefire-plugin/xsd/surefire-test-report.xsd" name="br.com.magna.animal.api.controller.MamiferoControllerTest" time="0.374" tests="9" errors="0" skipped="0" failures="0">
  <properties>
[...]
</properties>
  <testcase name="testExcluir" classname="br.com.magna.animal.api.controller.MamiferoControllerTest" time="0.055"/>
  <testcase name="testAtualizarTerrestre" classname="br.com.magna.animal.api.controller.MamiferoControllerTest" time="0.155"/>
  <testcase name="testAtualizarAquatico" classname="br.com.magna.animal.api.controller.MamiferoControllerTest" time="0.022"/>
  <testcase name="testCadastrarAereo" classname="br.com.magna.animal.api.controller.MamiferoControllerTest" time="0.043"/>
  <testcase name="testCadastrarAquatico" classname="br.com.magna.animal.api.controller.MamiferoControllerTest" time="0.023"/>
  <testcase name="testListar" classname="br.com.magna.animal.api.controller.MamiferoControllerTest" time="0.024"/>
  <testcase name="testListarPorId" classname="br.com.magna.animal.api.controller.MamiferoControllerTest" time="0.011"/>
  <testcase name="testCadastrarTerrestre" classname="br.com.magna.animal.api.controller.MamiferoControllerTest" time="0.02"/>
  <testcase name="testAtualizarAereo" classname="br.com.magna.animal.api.controller.MamiferoControllerTest" time="0.016"/>
</testsuite>